  [4;36;1mSQL (0.015000)[0m   [0;1mSET NAMES 'utf8'[0m
  [4;35;1mSQL (0.000000)[0m   [0mSET SQL_AUTO_IS_NULL=0[0m
  [4;36;1mSQL (0.000000)[0m   [0;1mCREATE DATABASE `rails2_development` DEFAULT CHARACTER SET `utf8` COLLATE `utf8_general_ci`[0m
  [4;36;1mSQL (0.000000)[0m   [0;1mSET NAMES 'utf8'[0m
  [4;35;1mSQL (0.000000)[0m   [0mSET SQL_AUTO_IS_NULL=0[0m
  [4;36;1mSQL (0.109000)[0m   [0;1mCREATE TABLE `schema_info` (version int(11))[0m
  [4;35;1mSQL (0.063000)[0m   [0mINSERT INTO `schema_info` (version) VALUES(0)[0m
  [4;36;1mSQL (0.000000)[0m   [0;1mMysql::Error: Table 'schema_info' already exists: CREATE TABLE `schema_info` (version int(11))[0m
  [4;35;1mSQL (0.000000)[0m   [0mSELECT version FROM schema_info[0m
Migrating to CreateBookinfos (1)
  [4;36;1mSQL (0.110000)[0m   [0;1mCREATE TABLE `bookinfos` (`id` int(11) DEFAULT NULL auto_increment PRIMARY KEY, `acct` int(11) DEFAULT NULL, `title` varchar(255) DEFAULT NULL, `author` varchar(255) DEFAULT NULL, `edition` varchar(255) DEFAULT NULL, `publication` varchar(255) DEFAULT NULL, `created_at` datetime DEFAULT NULL, `updated_at` datetime DEFAULT NULL) ENGINE=InnoDB[0m
  [4;35;1mSQL (0.000000)[0m   [0mUPDATE schema_info SET version = 1[0m
  [4;36;1mSQL (0.000000)[0m   [0;1mSELECT * FROM schema_info[0m
  [4;35;1mSQL (0.000000)[0m   [0mSHOW TABLES[0m
  [4;36;1mSQL (0.016000)[0m   [0;1mSHOW FIELDS FROM `bookinfos`[0m
  [4;35;1mSQL (0.000000)[0m   [0mdescribe `bookinfos`[0m
  [4;36;1mSQL (0.000000)[0m   [0;1mSHOW KEYS FROM `bookinfos`[0m


Processing BookinfosController#index (for 127.0.0.1 at 2016-12-05 14:43:25) [GET]
  Session ID: da03fd927602a9f340e3593155ed49a5
  Parameters: {"action"=>"index", "controller"=>"bookinfos"}
  [4;36;1mSQL (0.000000)[0m   [0;1mSET NAMES 'utf8'[0m
  [4;35;1mSQL (0.000000)[0m   [0mSET SQL_AUTO_IS_NULL=0[0m
  [4;36;1mBookinfo Load (0.037000)[0m   [0;1mSELECT * FROM `bookinfos` [0m
Rendering template within layouts/bookinfos
Rendering bookinfos/index
Completed in 0.05300 (18 reqs/sec) | Rendering: 0.00800 (15%) | DB: 0.03700 (69%) | 200 OK [http://localhost/bookinfos]


Processing BookinfosController#new (for 127.0.0.1 at 2016-12-05 14:45:22) [GET]
  Session ID: BAh7BiIKZmxhc2hJQzonQWN0aW9uQ29udHJvbGxlcjo6Rmxhc2g6OkZsYXNo%0ASGFzaHsABjoKQHVzZWR7AA%3D%3D--40f5de8b5a14d5c182bf33cb0335ac272bd8221e
  Parameters: {"action"=>"new", "controller"=>"bookinfos"}
  [4;35;1mBookinfo Columns (0.004000)[0m   [0mSHOW FIELDS FROM `bookinfos`[0m
Rendering template within layouts/bookinfos
Rendering bookinfos/new
Completed in 0.02800 (35 reqs/sec) | Rendering: 0.01200 (42%) | DB: 0.00400 (14%) | 200 OK [http://localhost/bookinfos/new]


Processing BookinfosController#new (for 127.0.0.1 at 2016-12-05 14:45:22) [GET]
  Session ID: BAh7BiIKZmxhc2hJQzonQWN0aW9uQ29udHJvbGxlcjo6Rmxhc2g6OkZsYXNo%0ASGFzaHsABjoKQHVzZWR7AA%3D%3D--40f5de8b5a14d5c182bf33cb0335ac272bd8221e
  Parameters: {"action"=>"new", "controller"=>"bookinfos"}
  [4;36;1mBookinfo Columns (0.016000)[0m   [0;1mSHOW FIELDS FROM `bookinfos`[0m
Rendering template within layouts/bookinfos
Rendering bookinfos/new
Completed in 0.04000 (24 reqs/sec) | Rendering: 0.00800 (20%) | DB: 0.01600 (39%) | 200 OK [http://localhost/bookinfos/new]


Processing BookinfosController#new (for 127.0.0.1 at 2016-12-05 14:45:22) [GET]
  Session ID: BAh7BiIKZmxhc2hJQzonQWN0aW9uQ29udHJvbGxlcjo6Rmxhc2g6OkZsYXNo%0ASGFzaHsABjoKQHVzZWR7AA%3D%3D--40f5de8b5a14d5c182bf33cb0335ac272bd8221e
  Parameters: {"action"=>"new", "controller"=>"bookinfos"}
  [4;35;1mBookinfo Columns (0.016000)[0m   [0mSHOW FIELDS FROM `bookinfos`[0m
Rendering template within layouts/bookinfos
Rendering bookinfos/new
Completed in 0.03600 (27 reqs/sec) | Rendering: 0.00800 (22%) | DB: 0.01600 (44%) | 200 OK [http://localhost/bookinfos/new]


Processing BookinfosController#index (for 127.0.0.1 at 2016-12-05 14:45:22) [GET]
  Session ID: BAh7BiIKZmxhc2hJQzonQWN0aW9uQ29udHJvbGxlcjo6Rmxhc2g6OkZsYXNo%0ASGFzaHsABjoKQHVzZWR7AA%3D%3D--40f5de8b5a14d5c182bf33cb0335ac272bd8221e
  Parameters: {"action"=>"index", "controller"=>"bookinfos"}
  [4;36;1mBookinfo Load (0.000000)[0m   [0;1mSELECT * FROM `bookinfos` [0m
Rendering template within layouts/bookinfos
Rendering bookinfos/index
Completed in 0.02000 (50 reqs/sec) | Rendering: 0.00800 (40%) | DB: 0.00000 (0%) | 200 OK [http://localhost/bookinfos]


Processing BookinfosController#index (for 127.0.0.1 at 2016-12-05 14:46:28) [GET]
  Session ID: BAh7BzoMY3NyZl9pZCIlN2UwMmM3NTdhNDcyZjc5OWQ1YjU1Njc3YWYwN2Ey%0ANmEiCmZsYXNoSUM6J0FjdGlvbkNvbnRyb2xsZXI6OkZsYXNoOjpGbGFzaEhh%0Ac2h7AAY6CkB1c2VkewA%3D--245b054733051127f231186b6fc2badf1c3592c8
  Parameters: {"action"=>"index", "controller"=>"bookinfos"}
  [4;36;1mSQL (0.000000)[0m   [0;1mSET NAMES 'utf8'[0m
  [4;35;1mSQL (0.000000)[0m   [0mSET SQL_AUTO_IS_NULL=0[0m
  [4;36;1mBookinfo Load (0.000000)[0m   [0;1mSELECT * FROM `bookinfos` [0m
Rendering template within layouts/bookinfos
Rendering bookinfos/index
Completed in 0.02000 (50 reqs/sec) | Rendering: 0.00800 (40%) | DB: 0.00000 (0%) | 200 OK [http://localhost/bookinfos]


Processing BookinfosController#new (for 127.0.0.1 at 2016-12-05 14:46:35) [GET]
  Session ID: BAh7BzoMY3NyZl9pZCIlN2UwMmM3NTdhNDcyZjc5OWQ1YjU1Njc3YWYwN2Ey%0ANmEiCmZsYXNoSUM6J0FjdGlvbkNvbnRyb2xsZXI6OkZsYXNoOjpGbGFzaEhh%0Ac2h7AAY6CkB1c2VkewA%3D--245b054733051127f231186b6fc2badf1c3592c8
  Parameters: {"action"=>"new", "controller"=>"bookinfos"}
  [4;35;1mBookinfo Columns (0.004000)[0m   [0mSHOW FIELDS FROM `bookinfos`[0m
Rendering template within layouts/bookinfos
Rendering bookinfos/new
Completed in 0.02400 (41 reqs/sec) | Rendering: 0.01200 (50%) | DB: 0.00400 (16%) | 200 OK [http://localhost/bookinfos/new]


Processing BookinfosController#create (for 127.0.0.1 at 2016-12-05 14:46:44) [POST]
  Session ID: BAh7BzoMY3NyZl9pZCIlN2UwMmM3NTdhNDcyZjc5OWQ1YjU1Njc3YWYwN2Ey%0ANmEiCmZsYXNoSUM6J0FjdGlvbkNvbnRyb2xsZXI6OkZsYXNoOjpGbGFzaEhh%0Ac2h7AAY6CkB1c2VkewA%3D--245b054733051127f231186b6fc2badf1c3592c8
  Parameters: {"commit"=>"Create", "authenticity_token"=>"8164ba8dfafac939f90029a557e34415f31b1596", "action"=>"create", "bookinfo"=>{"acct"=>"book", "title"=>"yashal", "author"=>"shakti", "publication"=>"shaktis", "edition"=>"2"}, "controller"=>"bookinfos"}
  [4;36;1mBookinfo Columns (0.004000)[0m   [0;1mSHOW FIELDS FROM `bookinfos`[0m
  [4;35;1mSQL (0.027000)[0m   [0mBEGIN[0m
  [4;36;1mBookinfo Create (0.012000)[0m   [0;1mINSERT INTO `bookinfos` (`acct`, `updated_at`, `title`, `author`, `publication`, `edition`, `created_at`) VALUES(0, '2016-12-05 14:46:44', 'yashal', 'shakti', 'shaktis', '2', '2016-12-05 14:46:44')[0m
  [4;35;1mSQL (0.046000)[0m   [0mCOMMIT[0m
Redirected to http://localhost:3000/bookinfos/1
Completed in 0.10100 (9 reqs/sec) | DB: 0.08900 (88%) | 302 Found [http://localhost/bookinfos]


Processing BookinfosController#show (for 127.0.0.1 at 2016-12-05 14:46:45) [GET]
  Session ID: BAh7BzoMY3NyZl9pZCIlN2UwMmM3NTdhNDcyZjc5OWQ1YjU1Njc3YWYwN2Ey%0ANmEiCmZsYXNoSUM6J0FjdGlvbkNvbnRyb2xsZXI6OkZsYXNoOjpGbGFzaEhh%0Ac2h7BjoLbm90aWNlIidCb29raW5mbyB3YXMgc3VjY2Vzc2Z1bGx5IGNyZWF0%0AZWQuBjoKQHVzZWR7BjsHVA%3D%3D--7fc103fa51172dd76fec8c27620cc50a7eca104b
  Parameters: {"action"=>"show", "id"=>"1", "controller"=>"bookinfos"}
  [4;36;1mBookinfo Columns (0.008000)[0m   [0;1mSHOW FIELDS FROM `bookinfos`[0m
  [4;35;1mBookinfo Load (0.040000)[0m   [0mSELECT * FROM `bookinfos` WHERE (`bookinfos`.`id` = 1) [0m
Rendering template within layouts/bookinfos
Rendering bookinfos/show
Completed in 0.06400 (15 reqs/sec) | Rendering: 0.00800 (12%) | DB: 0.04800 (75%) | 200 OK [http://localhost/bookinfos/1]


Processing MainController#search (for 127.0.0.1 at 2016-12-05 14:51:42) [GET]
  Session ID: BAh7BzoMY3NyZl9pZCIlN2UwMmM3NTdhNDcyZjc5OWQ1YjU1Njc3YWYwN2Ey%0ANmEiCmZsYXNoSUM6J0FjdGlvbkNvbnRyb2xsZXI6OkZsYXNoOjpGbGFzaEhh%0Ac2h7AAY6CkB1c2VkewA%3D--245b054733051127f231186b6fc2badf1c3592c8
  Parameters: {"action"=>"search", "controller"=>"main"}
  [4;36;1mSQL (0.000000)[0m   [0;1mSET NAMES 'utf8'[0m
  [4;35;1mSQL (0.000000)[0m   [0mSET SQL_AUTO_IS_NULL=0[0m
Rendering main/search
Completed in 0.00800 (124 reqs/sec) | Rendering: 0.00400 (50%) | DB: 0.00000 (0%) | 200 OK [http://localhost/main/search]


Processing MainController#search (for 127.0.0.1 at 2016-12-05 14:51:46) [GET]
  Session ID: BAh7BzoMY3NyZl9pZCIlN2UwMmM3NTdhNDcyZjc5OWQ1YjU1Njc3YWYwN2Ey%0ANmEiCmZsYXNoSUM6J0FjdGlvbkNvbnRyb2xsZXI6OkZsYXNoOjpGbGFzaEhh%0Ac2h7AAY6CkB1c2VkewA%3D--245b054733051127f231186b6fc2badf1c3592c8
  Parameters: {"title"=>"bo", "action"=>"search", "controller"=>"main"}
  [4;36;1mSQL (0.004000)[0m   [0;1mSHOW TABLES[0m
  [4;35;1mBookinfo Columns (0.004000)[0m   [0mSHOW FIELDS FROM `bookinfos`[0m


NoMethodError (undefined method `where' for #<Class:0xb684f38>):
    C:/yashal/instantrails-master/instantrails-master/InstantRails-win/InstantRails/ruby/lib/ruby/gems/1.8/gems/activerecord-2.0.2/lib/active_record/base.rb:1532:in `method_missing'
    /app/controllers/main_controller.rb:7:in `search'
    C:/yashal/instantrails-master/instantrails-master/InstantRails-win/InstantRails/ruby/lib/ruby/gems/1.8/gems/actionpack-2.0.2/lib/action_controller/base.rb:1158:in `send'
    C:/yashal/instantrails-master/instantrails-master/InstantRails-win/InstantRails/ruby/lib/ruby/gems/1.8/gems/actionpack-2.0.2/lib/action_controller/base.rb:1158:in `perform_action_without_filters'
    C:/yashal/instantrails-master/instantrails-master/InstantRails-win/InstantRails/ruby/lib/ruby/gems/1.8/gems/actionpack-2.0.2/lib/action_controller/filters.rb:697:in `call_filters'
    C:/yashal/instantrails-master/instantrails-master/InstantRails-win/InstantRails/ruby/lib/ruby/gems/1.8/gems/actionpack-2.0.2/lib/action_controller/filters.rb:689:in `perform_action_without_benchmark'
    C:/yashal/instantrails-master/instantrails-master/InstantRails-win/InstantRails/ruby/lib/ruby/gems/1.8/gems/actionpack-2.0.2/lib/action_controller/benchmarking.rb:68:in `perform_action_without_rescue'
    C:/yashal/instantrails-master/instantrails-master/InstantRails-win/InstantRails/ruby/lib/ruby/1.8/benchmark.rb:293:in `measure'
    C:/yashal/instantrails-master/instantrails-master/InstantRails-win/InstantRails/ruby/lib/ruby/gems/1.8/gems/actionpack-2.0.2/lib/action_controller/benchmarking.rb:68:in `perform_action_without_rescue'
    C:/yashal/instantrails-master/instantrails-master/InstantRails-win/InstantRails/ruby/lib/ruby/gems/1.8/gems/actionpack-2.0.2/lib/action_controller/rescue.rb:199:in `perform_action_without_caching'
    C:/yashal/instantrails-master/instantrails-master/InstantRails-win/InstantRails/ruby/lib/ruby/gems/1.8/gems/actionpack-2.0.2/lib/action_controller/caching.rb:678:in `perform_action'
    C:/yashal/instantrails-master/instantrails-master/InstantRails-win/InstantRails/ruby/lib/ruby/gems/1.8/gems/activerecord-2.0.2/lib/active_record/connection_adapters/abstract/query_cache.rb:33:in `cache'
    C:/yashal/instantrails-master/instantrails-master/InstantRails-win/InstantRails/ruby/lib/ruby/gems/1.8/gems/activerecord-2.0.2/lib/active_record/query_cache.rb:8:in `cache'
    C:/yashal/instantrails-master/instantrails-master/InstantRails-win/InstantRails/ruby/lib/ruby/gems/1.8/gems/actionpack-2.0.2/lib/action_controller/caching.rb:677:in `perform_action'
    C:/yashal/instantrails-master/instantrails-master/InstantRails-win/InstantRails/ruby/lib/ruby/gems/1.8/gems/actionpack-2.0.2/lib/action_controller/base.rb:524:in `send'
    C:/yashal/instantrails-master/instantrails-master/InstantRails-win/InstantRails/ruby/lib/ruby/gems/1.8/gems/actionpack-2.0.2/lib/action_controller/base.rb:524:in `process_without_filters'
    C:/yashal/instantrails-master/instantrails-master/InstantRails-win/InstantRails/ruby/lib/ruby/gems/1.8/gems/actionpack-2.0.2/lib/action_controller/filters.rb:685:in `process_without_session_management_support'
    C:/yashal/instantrails-master/instantrails-master/InstantRails-win/InstantRails/ruby/lib/ruby/gems/1.8/gems/actionpack-2.0.2/lib/action_controller/session_management.rb:123:in `process'
    C:/yashal/instantrails-master/instantrails-master/InstantRails-win/InstantRails/ruby/lib/ruby/gems/1.8/gems/actionpack-2.0.2/lib/action_controller/base.rb:388:in `process'
    C:/yashal/instantrails-master/instantrails-master/InstantRails-win/InstantRails/ruby/lib/ruby/gems/1.8/gems/actionpack-2.0.2/lib/action_controller/dispatcher.rb:171:in `handle_request'
    C:/yashal/instantrails-master/instantrails-master/InstantRails-win/InstantRails/ruby/lib/ruby/gems/1.8/gems/actionpack-2.0.2/lib/action_controller/dispatcher.rb:115:in `dispatch'
    C:/yashal/instantrails-master/instantrails-master/InstantRails-win/InstantRails/ruby/lib/ruby/gems/1.8/gems/actionpack-2.0.2/lib/action_controller/dispatcher.rb:126:in `dispatch_cgi'
    C:/yashal/instantrails-master/instantrails-master/InstantRails-win/InstantRails/ruby/lib/ruby/gems/1.8/gems/actionpack-2.0.2/lib/action_controller/dispatcher.rb:9:in `dispatch'
    C:/yashal/instantrails-master/instantrails-master/InstantRails-win/InstantRails/ruby/lib/ruby/gems/1.8/gems/mongrel-1.1.2-x86-mswin32/bin/../lib/mongrel/rails.rb:76:in `process'
    C:/yashal/instantrails-master/instantrails-master/InstantRails-win/InstantRails/ruby/lib/ruby/gems/1.8/gems/mongrel-1.1.2-x86-mswin32/bin/../lib/mongrel/rails.rb:74:in `synchronize'
    C:/yashal/instantrails-master/instantrails-master/InstantRails-win/InstantRails/ruby/lib/ruby/gems/1.8/gems/mongrel-1.1.2-x86-mswin32/bin/../lib/mongrel/rails.rb:74:in `process'
    C:/yashal/instantrails-master/instantrails-master/InstantRails-win/InstantRails/ruby/lib/ruby/gems/1.8/gems/mongrel-1.1.2-x86-mswin32/lib/mongrel.rb:159:in `process_client'
    C:/yashal/instantrails-master/instantrails-master/InstantRails-win/InstantRails/ruby/lib/ruby/gems/1.8/gems/mongrel-1.1.2-x86-mswin32/lib/mongrel.rb:158:in `each'
    C:/yashal/instantrails-master/instantrails-master/InstantRails-win/InstantRails/ruby/lib/ruby/gems/1.8/gems/mongrel-1.1.2-x86-mswin32/lib/mongrel.rb:158:in `process_client'
    C:/yashal/instantrails-master/instantrails-master/InstantRails-win/InstantRails/ruby/lib/ruby/gems/1.8/gems/mongrel-1.1.2-x86-mswin32/lib/mongrel.rb:285:in `run'
    C:/yashal/instantrails-master/instantrails-master/InstantRails-win/InstantRails/ruby/lib/ruby/gems/1.8/gems/mongrel-1.1.2-x86-mswin32/lib/mongrel.rb:285:in `initialize'
    C:/yashal/instantrails-master/instantrails-master/InstantRails-win/InstantRails/ruby/lib/ruby/gems/1.8/gems/mongrel-1.1.2-x86-mswin32/lib/mongrel.rb:285:in `new'
    C:/yashal/instantrails-master/instantrails-master/InstantRails-win/InstantRails/ruby/lib/ruby/gems/1.8/gems/mongrel-1.1.2-x86-mswin32/lib/mongrel.rb:285:in `run'
    C:/yashal/instantrails-master/instantrails-master/InstantRails-win/InstantRails/ruby/lib/ruby/gems/1.8/gems/mongrel-1.1.2-x86-mswin32/lib/mongrel.rb:268:in `initialize'
    C:/yashal/instantrails-master/instantrails-master/InstantRails-win/InstantRails/ruby/lib/ruby/gems/1.8/gems/mongrel-1.1.2-x86-mswin32/lib/mongrel.rb:268:in `new'
    C:/yashal/instantrails-master/instantrails-master/InstantRails-win/InstantRails/ruby/lib/ruby/gems/1.8/gems/mongrel-1.1.2-x86-mswin32/lib/mongrel.rb:268:in `run'
    C:/yashal/instantrails-master/instantrails-master/InstantRails-win/InstantRails/ruby/lib/ruby/gems/1.8/gems/mongrel-1.1.2-x86-mswin32/lib/mongrel/configurator.rb:282:in `run'
    C:/yashal/instantrails-master/instantrails-master/InstantRails-win/InstantRails/ruby/lib/ruby/gems/1.8/gems/mongrel-1.1.2-x86-mswin32/lib/mongrel/configurator.rb:281:in `each'
    C:/yashal/instantrails-master/instantrails-master/InstantRails-win/InstantRails/ruby/lib/ruby/gems/1.8/gems/mongrel-1.1.2-x86-mswin32/lib/mongrel/configurator.rb:281:in `run'
    C:/yashal/instantrails-master/instantrails-master/InstantRails-win/InstantRails/ruby/lib/ruby/gems/1.8/gems/mongrel-1.1.2-x86-mswin32/bin/mongrel_rails:128:in `run'
    C:/yashal/instantrails-master/instantrails-master/InstantRails-win/InstantRails/ruby/lib/ruby/gems/1.8/gems/mongrel-1.1.2-x86-mswin32/lib/mongrel/command.rb:212:in `run'
    C:/yashal/instantrails-master/instantrails-master/InstantRails-win/InstantRails/ruby/lib/ruby/gems/1.8/gems/mongrel-1.1.2-x86-mswin32/bin/mongrel_rails:281
    C:/yashal/instantrails-master/instantrails-master/InstantRails-win/InstantRails/ruby/lib/ruby/gems/1.8/gems/activesupport-2.0.2/lib/active_support/dependencies.rb:489:in `load'
    C:/yashal/instantrails-master/instantrails-master/InstantRails-win/InstantRails/ruby/lib/ruby/gems/1.8/gems/activesupport-2.0.2/lib/active_support/dependencies.rb:489:in `load'
    C:/yashal/instantrails-master/instantrails-master/InstantRails-win/InstantRails/ruby/lib/ruby/gems/1.8/gems/activesupport-2.0.2/lib/active_support/dependencies.rb:342:in `new_constants_in'
    C:/yashal/instantrails-master/instantrails-master/InstantRails-win/InstantRails/ruby/lib/ruby/gems/1.8/gems/activesupport-2.0.2/lib/active_support/dependencies.rb:489:in `load'
    C:/yashal/instantrails-master/instantrails-master/InstantRails-win/InstantRails/ruby/lib/ruby/gems/1.8/gems/rails-2.0.2/lib/commands/servers/mongrel.rb:64
    C:/yashal/instantrails-master/instantrails-master/InstantRails-win/InstantRails/ruby/lib/ruby/site_ruby/1.8/rubygems/custom_require.rb:27:in `gem_original_require'
    C:/yashal/instantrails-master/instantrails-master/InstantRails-win/InstantRails/ruby/lib/ruby/site_ruby/1.8/rubygems/custom_require.rb:27:in `require'
    C:/yashal/instantrails-master/instantrails-master/InstantRails-win/InstantRails/ruby/lib/ruby/gems/1.8/gems/activesupport-2.0.2/lib/active_support/dependencies.rb:496:in `require'
    C:/yashal/instantrails-master/instantrails-master/InstantRails-win/InstantRails/ruby/lib/ruby/gems/1.8/gems/activesupport-2.0.2/lib/active_support/dependencies.rb:342:in `new_constants_in'
    C:/yashal/instantrails-master/instantrails-master/InstantRails-win/InstantRails/ruby/lib/ruby/gems/1.8/gems/activesupport-2.0.2/lib/active_support/dependencies.rb:496:in `require'
    C:/yashal/instantrails-master/instantrails-master/InstantRails-win/InstantRails/ruby/lib/ruby/gems/1.8/gems/rails-2.0.2/lib/commands/server.rb:39
    C:/yashal/instantrails-master/instantrails-master/InstantRails-win/InstantRails/ruby/lib/ruby/site_ruby/1.8/rubygems/custom_require.rb:27:in `gem_original_require'
    C:/yashal/instantrails-master/instantrails-master/InstantRails-win/InstantRails/ruby/lib/ruby/site_ruby/1.8/rubygems/custom_require.rb:27:in `require'
    script/server:3

Rendering C:/yashal/instantrails-master/instantrails-master/InstantRails-win/InstantRails/ruby/lib/ruby/gems/1.8/gems/actionpack-2.0.2/lib/action_controller/templates/rescues/layout.erb (internal_server_error)


Processing BookinfosController#index (for 127.0.0.1 at 2016-12-05 14:57:06) [GET]
  Session ID: BAh7BzoMY3NyZl9pZCIlN2UwMmM3NTdhNDcyZjc5OWQ1YjU1Njc3YWYwN2Ey%0ANmEiCmZsYXNoSUM6J0FjdGlvbkNvbnRyb2xsZXI6OkZsYXNoOjpGbGFzaEhh%0Ac2h7AAY6CkB1c2VkewA%3D--245b054733051127f231186b6fc2badf1c3592c8
  Parameters: {"action"=>"index", "controller"=>"bookinfos"}
  [4;36;1mBookinfo Load (0.000000)[0m   [0;1mSELECT * FROM `bookinfos` [0m
Rendering template within layouts/bookinfos
Rendering bookinfos/index
  [4;35;1mBookinfo Columns (0.004000)[0m   [0mSHOW FIELDS FROM `bookinfos`[0m
Completed in 0.09800 (10 reqs/sec) | Rendering: 0.08300 (84%) | DB: 0.01200 (12%) | 200 OK [http://localhost/bookinfos]


Processing MainController#search (for 127.0.0.1 at 2016-12-05 14:57:14) [GET]
  Session ID: BAh7BzoMY3NyZl9pZCIlN2UwMmM3NTdhNDcyZjc5OWQ1YjU1Njc3YWYwN2Ey%0ANmEiCmZsYXNoSUM6J0FjdGlvbkNvbnRyb2xsZXI6OkZsYXNoOjpGbGFzaEhh%0Ac2h7AAY6CkB1c2VkewA%3D--245b054733051127f231186b6fc2badf1c3592c8
  Parameters: {"action"=>"search", "controller"=>"main"}
Rendering main/search
Completed in 0.00400 (250 reqs/sec) | Rendering: 0.00200 (49%) | DB: 0.00000 (0%) | 200 OK [http://localhost/main/search]


Processing MainController#search (for 127.0.0.1 at 2016-12-05 14:57:19) [GET]
  Session ID: BAh7BzoMY3NyZl9pZCIlN2UwMmM3NTdhNDcyZjc5OWQ1YjU1Njc3YWYwN2Ey%0ANmEiCmZsYXNoSUM6J0FjdGlvbkNvbnRyb2xsZXI6OkZsYXNoOjpGbGFzaEhh%0Ac2h7AAY6CkB1c2VkewA%3D--245b054733051127f231186b6fc2badf1c3592c8
  Parameters: {"title"=>"book", "action"=>"search", "controller"=>"main"}


NameError (undefined local variable or method `conditions' for #<MainController:0xb7768b0>):
    /app/controllers/main_controller.rb:7:in `search'
    C:/yashal/instantrails-master/instantrails-master/InstantRails-win/InstantRails/ruby/lib/ruby/gems/1.8/gems/actionpack-2.0.2/lib/action_controller/base.rb:1158:in `send'
    C:/yashal/instantrails-master/instantrails-master/InstantRails-win/InstantRails/ruby/lib/ruby/gems/1.8/gems/actionpack-2.0.2/lib/action_controller/base.rb:1158:in `perform_action_without_filters'
    C:/yashal/instantrails-master/instantrails-master/InstantRails-win/InstantRails/ruby/lib/ruby/gems/1.8/gems/actionpack-2.0.2/lib/action_controller/filters.rb:697:in `call_filters'
    C:/yashal/instantrails-master/instantrails-master/InstantRails-win/InstantRails/ruby/lib/ruby/gems/1.8/gems/actionpack-2.0.2/lib/action_controller/filters.rb:689:in `perform_action_without_benchmark'
    C:/yashal/instantrails-master/instantrails-master/InstantRails-win/InstantRails/ruby/lib/ruby/gems/1.8/gems/actionpack-2.0.2/lib/action_controller/benchmarking.rb:68:in `perform_action_without_rescue'
    C:/yashal/instantrails-master/instantrails-master/InstantRails-win/InstantRails/ruby/lib/ruby/1.8/benchmark.rb:293:in `measure'
    C:/yashal/instantrails-master/instantrails-master/InstantRails-win/InstantRails/ruby/lib/ruby/gems/1.8/gems/actionpack-2.0.2/lib/action_controller/benchmarking.rb:68:in `perform_action_without_rescue'
    C:/yashal/instantrails-master/instantrails-master/InstantRails-win/InstantRails/ruby/lib/ruby/gems/1.8/gems/actionpack-2.0.2/lib/action_controller/rescue.rb:199:in `perform_action_without_caching'
    C:/yashal/instantrails-master/instantrails-master/InstantRails-win/InstantRails/ruby/lib/ruby/gems/1.8/gems/actionpack-2.0.2/lib/action_controller/caching.rb:678:in `perform_action'
    C:/yashal/instantrails-master/instantrails-master/InstantRails-win/InstantRails/ruby/lib/ruby/gems/1.8/gems/activerecord-2.0.2/lib/active_record/connection_adapters/abstract/query_cache.rb:33:in `cache'
    C:/yashal/instantrails-master/instantrails-master/InstantRails-win/InstantRails/ruby/lib/ruby/gems/1.8/gems/activerecord-2.0.2/lib/active_record/query_cache.rb:8:in `cache'
    C:/yashal/instantrails-master/instantrails-master/InstantRails-win/InstantRails/ruby/lib/ruby/gems/1.8/gems/actionpack-2.0.2/lib/action_controller/caching.rb:677:in `perform_action'
    C:/yashal/instantrails-master/instantrails-master/InstantRails-win/InstantRails/ruby/lib/ruby/gems/1.8/gems/actionpack-2.0.2/lib/action_controller/base.rb:524:in `send'
    C:/yashal/instantrails-master/instantrails-master/InstantRails-win/InstantRails/ruby/lib/ruby/gems/1.8/gems/actionpack-2.0.2/lib/action_controller/base.rb:524:in `process_without_filters'
    C:/yashal/instantrails-master/instantrails-master/InstantRails-win/InstantRails/ruby/lib/ruby/gems/1.8/gems/actionpack-2.0.2/lib/action_controller/filters.rb:685:in `process_without_session_management_support'
    C:/yashal/instantrails-master/instantrails-master/InstantRails-win/InstantRails/ruby/lib/ruby/gems/1.8/gems/actionpack-2.0.2/lib/action_controller/session_management.rb:123:in `process'
    C:/yashal/instantrails-master/instantrails-master/InstantRails-win/InstantRails/ruby/lib/ruby/gems/1.8/gems/actionpack-2.0.2/lib/action_controller/base.rb:388:in `process'
    C:/yashal/instantrails-master/instantrails-master/InstantRails-win/InstantRails/ruby/lib/ruby/gems/1.8/gems/actionpack-2.0.2/lib/action_controller/dispatcher.rb:171:in `handle_request'
    C:/yashal/instantrails-master/instantrails-master/InstantRails-win/InstantRails/ruby/lib/ruby/gems/1.8/gems/actionpack-2.0.2/lib/action_controller/dispatcher.rb:115:in `dispatch'
    C:/yashal/instantrails-master/instantrails-master/InstantRails-win/InstantRails/ruby/lib/ruby/gems/1.8/gems/actionpack-2.0.2/lib/action_controller/dispatcher.rb:126:in `dispatch_cgi'
    C:/yashal/instantrails-master/instantrails-master/InstantRails-win/InstantRails/ruby/lib/ruby/gems/1.8/gems/actionpack-2.0.2/lib/action_controller/dispatcher.rb:9:in `dispatch'
    C:/yashal/instantrails-master/instantrails-master/InstantRails-win/InstantRails/ruby/lib/ruby/gems/1.8/gems/mongrel-1.1.2-x86-mswin32/bin/../lib/mongrel/rails.rb:76:in `process'
    C:/yashal/instantrails-master/instantrails-master/InstantRails-win/InstantRails/ruby/lib/ruby/gems/1.8/gems/mongrel-1.1.2-x86-mswin32/bin/../lib/mongrel/rails.rb:74:in `synchronize'
    C:/yashal/instantrails-master/instantrails-master/InstantRails-win/InstantRails/ruby/lib/ruby/gems/1.8/gems/mongrel-1.1.2-x86-mswin32/bin/../lib/mongrel/rails.rb:74:in `process'
    C:/yashal/instantrails-master/instantrails-master/InstantRails-win/InstantRails/ruby/lib/ruby/gems/1.8/gems/mongrel-1.1.2-x86-mswin32/lib/mongrel.rb:159:in `process_client'
    C:/yashal/instantrails-master/instantrails-master/InstantRails-win/InstantRails/ruby/lib/ruby/gems/1.8/gems/mongrel-1.1.2-x86-mswin32/lib/mongrel.rb:158:in `each'
    C:/yashal/instantrails-master/instantrails-master/InstantRails-win/InstantRails/ruby/lib/ruby/gems/1.8/gems/mongrel-1.1.2-x86-mswin32/lib/mongrel.rb:158:in `process_client'
    C:/yashal/instantrails-master/instantrails-master/InstantRails-win/InstantRails/ruby/lib/ruby/gems/1.8/gems/mongrel-1.1.2-x86-mswin32/lib/mongrel.rb:285:in `run'
    C:/yashal/instantrails-master/instantrails-master/InstantRails-win/InstantRails/ruby/lib/ruby/gems/1.8/gems/mongrel-1.1.2-x86-mswin32/lib/mongrel.rb:285:in `initialize'
    C:/yashal/instantrails-master/instantrails-master/InstantRails-win/InstantRails/ruby/lib/ruby/gems/1.8/gems/mongrel-1.1.2-x86-mswin32/lib/mongrel.rb:285:in `new'
    C:/yashal/instantrails-master/instantrails-master/InstantRails-win/InstantRails/ruby/lib/ruby/gems/1.8/gems/mongrel-1.1.2-x86-mswin32/lib/mongrel.rb:285:in `run'
    C:/yashal/instantrails-master/instantrails-master/InstantRails-win/InstantRails/ruby/lib/ruby/gems/1.8/gems/mongrel-1.1.2-x86-mswin32/lib/mongrel.rb:268:in `initialize'
    C:/yashal/instantrails-master/instantrails-master/InstantRails-win/InstantRails/ruby/lib/ruby/gems/1.8/gems/mongrel-1.1.2-x86-mswin32/lib/mongrel.rb:268:in `new'
    C:/yashal/instantrails-master/instantrails-master/InstantRails-win/InstantRails/ruby/lib/ruby/gems/1.8/gems/mongrel-1.1.2-x86-mswin32/lib/mongrel.rb:268:in `run'
    C:/yashal/instantrails-master/instantrails-master/InstantRails-win/InstantRails/ruby/lib/ruby/gems/1.8/gems/mongrel-1.1.2-x86-mswin32/lib/mongrel/configurator.rb:282:in `run'
    C:/yashal/instantrails-master/instantrails-master/InstantRails-win/InstantRails/ruby/lib/ruby/gems/1.8/gems/mongrel-1.1.2-x86-mswin32/lib/mongrel/configurator.rb:281:in `each'
    C:/yashal/instantrails-master/instantrails-master/InstantRails-win/InstantRails/ruby/lib/ruby/gems/1.8/gems/mongrel-1.1.2-x86-mswin32/lib/mongrel/configurator.rb:281:in `run'
    C:/yashal/instantrails-master/instantrails-master/InstantRails-win/InstantRails/ruby/lib/ruby/gems/1.8/gems/mongrel-1.1.2-x86-mswin32/bin/mongrel_rails:128:in `run'
    C:/yashal/instantrails-master/instantrails-master/InstantRails-win/InstantRails/ruby/lib/ruby/gems/1.8/gems/mongrel-1.1.2-x86-mswin32/lib/mongrel/command.rb:212:in `run'
    C:/yashal/instantrails-master/instantrails-master/InstantRails-win/InstantRails/ruby/lib/ruby/gems/1.8/gems/mongrel-1.1.2-x86-mswin32/bin/mongrel_rails:281
    C:/yashal/instantrails-master/instantrails-master/InstantRails-win/InstantRails/ruby/lib/ruby/gems/1.8/gems/activesupport-2.0.2/lib/active_support/dependencies.rb:489:in `load'
    C:/yashal/instantrails-master/instantrails-master/InstantRails-win/InstantRails/ruby/lib/ruby/gems/1.8/gems/activesupport-2.0.2/lib/active_support/dependencies.rb:489:in `load'
    C:/yashal/instantrails-master/instantrails-master/InstantRails-win/InstantRails/ruby/lib/ruby/gems/1.8/gems/activesupport-2.0.2/lib/active_support/dependencies.rb:342:in `new_constants_in'
    C:/yashal/instantrails-master/instantrails-master/InstantRails-win/InstantRails/ruby/lib/ruby/gems/1.8/gems/activesupport-2.0.2/lib/active_support/dependencies.rb:489:in `load'
    C:/yashal/instantrails-master/instantrails-master/InstantRails-win/InstantRails/ruby/lib/ruby/gems/1.8/gems/rails-2.0.2/lib/commands/servers/mongrel.rb:64
    C:/yashal/instantrails-master/instantrails-master/InstantRails-win/InstantRails/ruby/lib/ruby/site_ruby/1.8/rubygems/custom_require.rb:27:in `gem_original_require'
    C:/yashal/instantrails-master/instantrails-master/InstantRails-win/InstantRails/ruby/lib/ruby/site_ruby/1.8/rubygems/custom_require.rb:27:in `require'
    C:/yashal/instantrails-master/instantrails-master/InstantRails-win/InstantRails/ruby/lib/ruby/gems/1.8/gems/activesupport-2.0.2/lib/active_support/dependencies.rb:496:in `require'
    C:/yashal/instantrails-master/instantrails-master/InstantRails-win/InstantRails/ruby/lib/ruby/gems/1.8/gems/activesupport-2.0.2/lib/active_support/dependencies.rb:342:in `new_constants_in'
    C:/yashal/instantrails-master/instantrails-master/InstantRails-win/InstantRails/ruby/lib/ruby/gems/1.8/gems/activesupport-2.0.2/lib/active_support/dependencies.rb:496:in `require'
    C:/yashal/instantrails-master/instantrails-master/InstantRails-win/InstantRails/ruby/lib/ruby/gems/1.8/gems/rails-2.0.2/lib/commands/server.rb:39
    C:/yashal/instantrails-master/instantrails-master/InstantRails-win/InstantRails/ruby/lib/ruby/site_ruby/1.8/rubygems/custom_require.rb:27:in `gem_original_require'
    C:/yashal/instantrails-master/instantrails-master/InstantRails-win/InstantRails/ruby/lib/ruby/site_ruby/1.8/rubygems/custom_require.rb:27:in `require'
    script/server:3

Rendering C:/yashal/instantrails-master/instantrails-master/InstantRails-win/InstantRails/ruby/lib/ruby/gems/1.8/gems/actionpack-2.0.2/lib/action_controller/templates/rescues/layout.erb (internal_server_error)


Processing MainController#search (for 127.0.0.1 at 2016-12-05 14:57:36) [GET]
  Session ID: BAh7BzoMY3NyZl9pZCIlN2UwMmM3NTdhNDcyZjc5OWQ1YjU1Njc3YWYwN2Ey%0ANmEiCmZsYXNoSUM6J0FjdGlvbkNvbnRyb2xsZXI6OkZsYXNoOjpGbGFzaEhh%0Ac2h7AAY6CkB1c2VkewA%3D--245b054733051127f231186b6fc2badf1c3592c8
  Parameters: {"title"=>"book", "action"=>"search", "controller"=>"main"}
  [4;36;1mBookinfo Load (0.000000)[0m   [0;1mMysql::Error: You have an error in your SQL syntax; check the manual that corresponds to your MySQL server version for the right syntax to use near '%'book'%)' at line 1: SELECT * FROM `bookinfos` WHERE (title=%'book'%) [0m


ActiveRecord::StatementInvalid (Mysql::Error: You have an error in your SQL syntax; check the manual that corresponds to your MySQL server version for the right syntax to use near '%'book'%)' at line 1: SELECT * FROM `bookinfos`   WHERE (title=%'book'%) ):
    C:/yashal/instantrails-master/instantrails-master/InstantRails-win/InstantRails/ruby/lib/ruby/gems/1.8/gems/activerecord-2.0.2/lib/active_record/connection_adapters/abstract_adapter.rb:150:in `log'
    C:/yashal/instantrails-master/instantrails-master/InstantRails-win/InstantRails/ruby/lib/ruby/gems/1.8/gems/activerecord-2.0.2/lib/active_record/connection_adapters/mysql_adapter.rb:281:in `execute'
    C:/yashal/instantrails-master/instantrails-master/InstantRails-win/InstantRails/ruby/lib/ruby/gems/1.8/gems/activerecord-2.0.2/lib/active_record/connection_adapters/mysql_adapter.rb:481:in `select'
    C:/yashal/instantrails-master/instantrails-master/InstantRails-win/InstantRails/ruby/lib/ruby/gems/1.8/gems/activerecord-2.0.2/lib/active_record/connection_adapters/abstract/database_statements.rb:7:in `select_all_without_query_cache'
    C:/yashal/instantrails-master/instantrails-master/InstantRails-win/InstantRails/ruby/lib/ruby/gems/1.8/gems/activerecord-2.0.2/lib/active_record/connection_adapters/abstract/query_cache.rb:53:in `select_all'
    C:/yashal/instantrails-master/instantrails-master/InstantRails-win/InstantRails/ruby/lib/ruby/gems/1.8/gems/activerecord-2.0.2/lib/active_record/connection_adapters/abstract/query_cache.rb:74:in `cache_sql'
    C:/yashal/instantrails-master/instantrails-master/InstantRails-win/InstantRails/ruby/lib/ruby/gems/1.8/gems/activerecord-2.0.2/lib/active_record/connection_adapters/abstract/query_cache.rb:53:in `select_all'
    C:/yashal/instantrails-master/instantrails-master/InstantRails-win/InstantRails/ruby/lib/ruby/gems/1.8/gems/activerecord-2.0.2/lib/active_record/base.rb:532:in `find_by_sql'
    C:/yashal/instantrails-master/instantrails-master/InstantRails-win/InstantRails/ruby/lib/ruby/gems/1.8/gems/activerecord-2.0.2/lib/active_record/base.rb:1233:in `find_every'
    C:/yashal/instantrails-master/instantrails-master/InstantRails-win/InstantRails/ruby/lib/ruby/gems/1.8/gems/activerecord-2.0.2/lib/active_record/base.rb:503:in `find'
    /app/controllers/main_controller.rb:7:in `search'
    C:/yashal/instantrails-master/instantrails-master/InstantRails-win/InstantRails/ruby/lib/ruby/gems/1.8/gems/actionpack-2.0.2/lib/action_controller/base.rb:1158:in `send'
    C:/yashal/instantrails-master/instantrails-master/InstantRails-win/InstantRails/ruby/lib/ruby/gems/1.8/gems/actionpack-2.0.2/lib/action_controller/base.rb:1158:in `perform_action_without_filters'
    C:/yashal/instantrails-master/instantrails-master/InstantRails-win/InstantRails/ruby/lib/ruby/gems/1.8/gems/actionpack-2.0.2/lib/action_controller/filters.rb:697:in `call_filters'
    C:/yashal/instantrails-master/instantrails-master/InstantRails-win/InstantRails/ruby/lib/ruby/gems/1.8/gems/actionpack-2.0.2/lib/action_controller/filters.rb:689:in `perform_action_without_benchmark'
    C:/yashal/instantrails-master/instantrails-master/InstantRails-win/InstantRails/ruby/lib/ruby/gems/1.8/gems/actionpack-2.0.2/lib/action_controller/benchmarking.rb:68:in `perform_action_without_rescue'
    C:/yashal/instantrails-master/instantrails-master/InstantRails-win/InstantRails/ruby/lib/ruby/1.8/benchmark.rb:293:in `measure'
    C:/yashal/instantrails-master/instantrails-master/InstantRails-win/InstantRails/ruby/lib/ruby/gems/1.8/gems/actionpack-2.0.2/lib/action_controller/benchmarking.rb:68:in `perform_action_without_rescue'
    C:/yashal/instantrails-master/instantrails-master/InstantRails-win/InstantRails/ruby/lib/ruby/gems/1.8/gems/actionpack-2.0.2/lib/action_controller/rescue.rb:199:in `perform_action_without_caching'
    C:/yashal/instantrails-master/instantrails-master/InstantRails-win/InstantRails/ruby/lib/ruby/gems/1.8/gems/actionpack-2.0.2/lib/action_controller/caching.rb:678:in `perform_action'
    C:/yashal/instantrails-master/instantrails-master/InstantRails-win/InstantRails/ruby/lib/ruby/gems/1.8/gems/activerecord-2.0.2/lib/active_record/connection_adapters/abstract/query_cache.rb:33:in `cache'
    C:/yashal/instantrails-master/instantrails-master/InstantRails-win/InstantRails/ruby/lib/ruby/gems/1.8/gems/activerecord-2.0.2/lib/active_record/query_cache.rb:8:in `cache'
    C:/yashal/instantrails-master/instantrails-master/InstantRails-win/InstantRails/ruby/lib/ruby/gems/1.8/gems/actionpack-2.0.2/lib/action_controller/caching.rb:677:in `perform_action'
    C:/yashal/instantrails-master/instantrails-master/InstantRails-win/InstantRails/ruby/lib/ruby/gems/1.8/gems/actionpack-2.0.2/lib/action_controller/base.rb:524:in `send'
    C:/yashal/instantrails-master/instantrails-master/InstantRails-win/InstantRails/ruby/lib/ruby/gems/1.8/gems/actionpack-2.0.2/lib/action_controller/base.rb:524:in `process_without_filters'
    C:/yashal/instantrails-master/instantrails-master/InstantRails-win/InstantRails/ruby/lib/ruby/gems/1.8/gems/actionpack-2.0.2/lib/action_controller/filters.rb:685:in `process_without_session_management_support'
    C:/yashal/instantrails-master/instantrails-master/InstantRails-win/InstantRails/ruby/lib/ruby/gems/1.8/gems/actionpack-2.0.2/lib/action_controller/session_management.rb:123:in `process'
    C:/yashal/instantrails-master/instantrails-master/InstantRails-win/InstantRails/ruby/lib/ruby/gems/1.8/gems/actionpack-2.0.2/lib/action_controller/base.rb:388:in `process'
    C:/yashal/instantrails-master/instantrails-master/InstantRails-win/InstantRails/ruby/lib/ruby/gems/1.8/gems/actionpack-2.0.2/lib/action_controller/dispatcher.rb:171:in `handle_request'
    C:/yashal/instantrails-master/instantrails-master/InstantRails-win/InstantRails/ruby/lib/ruby/gems/1.8/gems/actionpack-2.0.2/lib/action_controller/dispatcher.rb:115:in `dispatch'
    C:/yashal/instantrails-master/instantrails-master/InstantRails-win/InstantRails/ruby/lib/ruby/gems/1.8/gems/actionpack-2.0.2/lib/action_controller/dispatcher.rb:126:in `dispatch_cgi'
    C:/yashal/instantrails-master/instantrails-master/InstantRails-win/InstantRails/ruby/lib/ruby/gems/1.8/gems/actionpack-2.0.2/lib/action_controller/dispatcher.rb:9:in `dispatch'
    C:/yashal/instantrails-master/instantrails-master/InstantRails-win/InstantRails/ruby/lib/ruby/gems/1.8/gems/mongrel-1.1.2-x86-mswin32/bin/../lib/mongrel/rails.rb:76:in `process'
    C:/yashal/instantrails-master/instantrails-master/InstantRails-win/InstantRails/ruby/lib/ruby/gems/1.8/gems/mongrel-1.1.2-x86-mswin32/bin/../lib/mongrel/rails.rb:74:in `synchronize'
    C:/yashal/instantrails-master/instantrails-master/InstantRails-win/InstantRails/ruby/lib/ruby/gems/1.8/gems/mongrel-1.1.2-x86-mswin32/bin/../lib/mongrel/rails.rb:74:in `process'
    C:/yashal/instantrails-master/instantrails-master/InstantRails-win/InstantRails/ruby/lib/ruby/gems/1.8/gems/mongrel-1.1.2-x86-mswin32/lib/mongrel.rb:159:in `process_client'
    C:/yashal/instantrails-master/instantrails-master/InstantRails-win/InstantRails/ruby/lib/ruby/gems/1.8/gems/mongrel-1.1.2-x86-mswin32/lib/mongrel.rb:158:in `each'
    C:/yashal/instantrails-master/instantrails-master/InstantRails-win/InstantRails/ruby/lib/ruby/gems/1.8/gems/mongrel-1.1.2-x86-mswin32/lib/mongrel.rb:158:in `process_client'
    C:/yashal/instantrails-master/instantrails-master/InstantRails-win/InstantRails/ruby/lib/ruby/gems/1.8/gems/mongrel-1.1.2-x86-mswin32/lib/mongrel.rb:285:in `run'
    C:/yashal/instantrails-master/instantrails-master/InstantRails-win/InstantRails/ruby/lib/ruby/gems/1.8/gems/mongrel-1.1.2-x86-mswin32/lib/mongrel.rb:285:in `initialize'
    C:/yashal/instantrails-master/instantrails-master/InstantRails-win/InstantRails/ruby/lib/ruby/gems/1.8/gems/mongrel-1.1.2-x86-mswin32/lib/mongrel.rb:285:in `new'
    C:/yashal/instantrails-master/instantrails-master/InstantRails-win/InstantRails/ruby/lib/ruby/gems/1.8/gems/mongrel-1.1.2-x86-mswin32/lib/mongrel.rb:285:in `run'
    C:/yashal/instantrails-master/instantrails-master/InstantRails-win/InstantRails/ruby/lib/ruby/gems/1.8/gems/mongrel-1.1.2-x86-mswin32/lib/mongrel.rb:268:in `initialize'
    C:/yashal/instantrails-master/instantrails-master/InstantRails-win/InstantRails/ruby/lib/ruby/gems/1.8/gems/mongrel-1.1.2-x86-mswin32/lib/mongrel.rb:268:in `new'
    C:/yashal/instantrails-master/instantrails-master/InstantRails-win/InstantRails/ruby/lib/ruby/gems/1.8/gems/mongrel-1.1.2-x86-mswin32/lib/mongrel.rb:268:in `run'
    C:/yashal/instantrails-master/instantrails-master/InstantRails-win/InstantRails/ruby/lib/ruby/gems/1.8/gems/mongrel-1.1.2-x86-mswin32/lib/mongrel/configurator.rb:282:in `run'
    C:/yashal/instantrails-master/instantrails-master/InstantRails-win/InstantRails/ruby/lib/ruby/gems/1.8/gems/mongrel-1.1.2-x86-mswin32/lib/mongrel/configurator.rb:281:in `each'
    C:/yashal/instantrails-master/instantrails-master/InstantRails-win/InstantRails/ruby/lib/ruby/gems/1.8/gems/mongrel-1.1.2-x86-mswin32/lib/mongrel/configurator.rb:281:in `run'
    C:/yashal/instantrails-master/instantrails-master/InstantRails-win/InstantRails/ruby/lib/ruby/gems/1.8/gems/mongrel-1.1.2-x86-mswin32/bin/mongrel_rails:128:in `run'
    C:/yashal/instantrails-master/instantrails-master/InstantRails-win/InstantRails/ruby/lib/ruby/gems/1.8/gems/mongrel-1.1.2-x86-mswin32/lib/mongrel/command.rb:212:in `run'
    C:/yashal/instantrails-master/instantrails-master/InstantRails-win/InstantRails/ruby/lib/ruby/gems/1.8/gems/mongrel-1.1.2-x86-mswin32/bin/mongrel_rails:281
    C:/yashal/instantrails-master/instantrails-master/InstantRails-win/InstantRails/ruby/lib/ruby/gems/1.8/gems/activesupport-2.0.2/lib/active_support/dependencies.rb:489:in `load'
    C:/yashal/instantrails-master/instantrails-master/InstantRails-win/InstantRails/ruby/lib/ruby/gems/1.8/gems/activesupport-2.0.2/lib/active_support/dependencies.rb:489:in `load'
    C:/yashal/instantrails-master/instantrails-master/InstantRails-win/InstantRails/ruby/lib/ruby/gems/1.8/gems/activesupport-2.0.2/lib/active_support/dependencies.rb:342:in `new_constants_in'
    C:/yashal/instantrails-master/instantrails-master/InstantRails-win/InstantRails/ruby/lib/ruby/gems/1.8/gems/activesupport-2.0.2/lib/active_support/dependencies.rb:489:in `load'
    C:/yashal/instantrails-master/instantrails-master/InstantRails-win/InstantRails/ruby/lib/ruby/gems/1.8/gems/rails-2.0.2/lib/commands/servers/mongrel.rb:64
    C:/yashal/instantrails-master/instantrails-master/InstantRails-win/InstantRails/ruby/lib/ruby/site_ruby/1.8/rubygems/custom_require.rb:27:in `gem_original_require'
    C:/yashal/instantrails-master/instantrails-master/InstantRails-win/InstantRails/ruby/lib/ruby/site_ruby/1.8/rubygems/custom_require.rb:27:in `require'
    C:/yashal/instantrails-master/instantrails-master/InstantRails-win/InstantRails/ruby/lib/ruby/gems/1.8/gems/activesupport-2.0.2/lib/active_support/dependencies.rb:496:in `require'
    C:/yashal/instantrails-master/instantrails-master/InstantRails-win/InstantRails/ruby/lib/ruby/gems/1.8/gems/activesupport-2.0.2/lib/active_support/dependencies.rb:342:in `new_constants_in'
    C:/yashal/instantrails-master/instantrails-master/InstantRails-win/InstantRails/ruby/lib/ruby/gems/1.8/gems/activesupport-2.0.2/lib/active_support/dependencies.rb:496:in `require'
    C:/yashal/instantrails-master/instantrails-master/InstantRails-win/InstantRails/ruby/lib/ruby/gems/1.8/gems/rails-2.0.2/lib/commands/server.rb:39
    C:/yashal/instantrails-master/instantrails-master/InstantRails-win/InstantRails/ruby/lib/ruby/site_ruby/1.8/rubygems/custom_require.rb:27:in `gem_original_require'
    C:/yashal/instantrails-master/instantrails-master/InstantRails-win/InstantRails/ruby/lib/ruby/site_ruby/1.8/rubygems/custom_require.rb:27:in `require'
    script/server:3

Rendering C:/yashal/instantrails-master/instantrails-master/InstantRails-win/InstantRails/ruby/lib/ruby/gems/1.8/gems/actionpack-2.0.2/lib/action_controller/templates/rescues/layout.erb (internal_server_error)


Processing MainController#search (for 127.0.0.1 at 2016-12-05 14:57:51) [GET]
  Session ID: BAh7BzoMY3NyZl9pZCIlN2UwMmM3NTdhNDcyZjc5OWQ1YjU1Njc3YWYwN2Ey%0ANmEiCmZsYXNoSUM6J0FjdGlvbkNvbnRyb2xsZXI6OkZsYXNoOjpGbGFzaEhh%0Ac2h7AAY6CkB1c2VkewA%3D--245b054733051127f231186b6fc2badf1c3592c8
  Parameters: {"title"=>"book", "action"=>"search", "controller"=>"main"}
  [4;35;1mBookinfo Load (0.000000)[0m   [0mSELECT * FROM `bookinfos` WHERE (title='book') [0m
Rendering main/search
Completed in 0.01200 (83 reqs/sec) | Rendering: 0.00200 (16%) | DB: 0.00000 (0%) | 200 OK [http://localhost/main/search?title=book]


Processing MainController#search (for 127.0.0.1 at 2016-12-05 14:57:55) [GET]
  Session ID: BAh7BzoMY3NyZl9pZCIlN2UwMmM3NTdhNDcyZjc5OWQ1YjU1Njc3YWYwN2Ey%0ANmEiCmZsYXNoSUM6J0FjdGlvbkNvbnRyb2xsZXI6OkZsYXNoOjpGbGFzaEhh%0Ac2h7AAY6CkB1c2VkewA%3D--245b054733051127f231186b6fc2badf1c3592c8
  Parameters: {"title"=>"book", "action"=>"search", "controller"=>"main"}
  [4;36;1mBookinfo Load (0.001000)[0m   [0;1mSELECT * FROM `bookinfos` WHERE (title='book') [0m
Rendering main/search
Completed in 0.01200 (83 reqs/sec) | Rendering: 0.00200 (16%) | DB: 0.00100 (8%) | 200 OK [http://localhost/main/search?title=book]


Processing MainController#search (for 127.0.0.1 at 2016-12-05 14:57:58) [GET]
  Session ID: BAh7BzoMY3NyZl9pZCIlN2UwMmM3NTdhNDcyZjc5OWQ1YjU1Njc3YWYwN2Ey%0ANmEiCmZsYXNoSUM6J0FjdGlvbkNvbnRyb2xsZXI6OkZsYXNoOjpGbGFzaEhh%0Ac2h7AAY6CkB1c2VkewA%3D--245b054733051127f231186b6fc2badf1c3592c8
  Parameters: {"title"=>"Book", "action"=>"search", "controller"=>"main"}
  [4;35;1mBookinfo Load (0.001000)[0m   [0mSELECT * FROM `bookinfos` WHERE (title='Book') [0m
Rendering main/search
Completed in 0.01200 (83 reqs/sec) | Rendering: 0.00200 (16%) | DB: 0.00100 (8%) | 200 OK [http://localhost/main/search?title=Book]


Processing BookinfosController#index (for 127.0.0.1 at 2016-12-05 14:58:10) [GET]
  Session ID: BAh7BzoMY3NyZl9pZCIlN2UwMmM3NTdhNDcyZjc5OWQ1YjU1Njc3YWYwN2Ey%0ANmEiCmZsYXNoSUM6J0FjdGlvbkNvbnRyb2xsZXI6OkZsYXNoOjpGbGFzaEhh%0Ac2h7AAY6CkB1c2VkewA%3D--245b054733051127f231186b6fc2badf1c3592c8
  Parameters: {"action"=>"index", "controller"=>"bookinfos"}
  [4;36;1mBookinfo Load (0.000000)[0m   [0;1mSELECT * FROM `bookinfos` [0m
Rendering template within layouts/bookinfos
Rendering bookinfos/index
  [4;35;1mBookinfo Columns (0.005000)[0m   [0mSHOW FIELDS FROM `bookinfos`[0m
Completed in 0.02100 (47 reqs/sec) | Rendering: 0.00500 (23%) | DB: 0.00500 (23%) | 200 OK [http://localhost/bookinfos]


Processing MainController#search (for 127.0.0.1 at 2016-12-05 14:58:16) [GET]
  Session ID: BAh7BzoMY3NyZl9pZCIlN2UwMmM3NTdhNDcyZjc5OWQ1YjU1Njc3YWYwN2Ey%0ANmEiCmZsYXNoSUM6J0FjdGlvbkNvbnRyb2xsZXI6OkZsYXNoOjpGbGFzaEhh%0Ac2h7AAY6CkB1c2VkewA%3D--245b054733051127f231186b6fc2badf1c3592c8
  Parameters: {"title"=>"y", "action"=>"search", "controller"=>"main"}
  [4;36;1mBookinfo Load (0.000000)[0m   [0;1mSELECT * FROM `bookinfos` WHERE (title='y') [0m
Rendering main/search
Completed in 0.01200 (83 reqs/sec) | Rendering: 0.00200 (16%) | DB: 0.00000 (0%) | 200 OK [http://localhost/main/search?title=y]


Processing MainController#search (for 127.0.0.1 at 2016-12-05 14:58:20) [GET]
  Session ID: BAh7BzoMY3NyZl9pZCIlN2UwMmM3NTdhNDcyZjc5OWQ1YjU1Njc3YWYwN2Ey%0ANmEiCmZsYXNoSUM6J0FjdGlvbkNvbnRyb2xsZXI6OkZsYXNoOjpGbGFzaEhh%0Ac2h7AAY6CkB1c2VkewA%3D--245b054733051127f231186b6fc2badf1c3592c8
  Parameters: {"title"=>"yashal", "action"=>"search", "controller"=>"main"}
  [4;35;1mBookinfo Load (0.000000)[0m   [0mSELECT * FROM `bookinfos` WHERE (title='yashal') [0m
Rendering main/search
  [4;36;1mBookinfo Columns (0.021000)[0m   [0;1mSHOW FIELDS FROM `bookinfos`[0m
Completed in 0.03600 (27 reqs/sec) | Rendering: 0.00500 (13%) | DB: 0.02100 (58%) | 200 OK [http://localhost/main/search?title=yashal]


Processing MainController#search (for 127.0.0.1 at 2016-12-05 14:58:53) [GET]
  Session ID: BAh7BzoMY3NyZl9pZCIlN2UwMmM3NTdhNDcyZjc5OWQ1YjU1Njc3YWYwN2Ey%0ANmEiCmZsYXNoSUM6J0FjdGlvbkNvbnRyb2xsZXI6OkZsYXNoOjpGbGFzaEhh%0Ac2h7AAY6CkB1c2VkewA%3D--245b054733051127f231186b6fc2badf1c3592c8
  Parameters: {"title"=>"yas", "action"=>"search", "controller"=>"main"}
  [4;35;1mBookinfo Load (0.000000)[0m   [0mMysql::Error: You have an error in your SQL syntax; check the manual that corresponds to your MySQL server version for the right syntax to use near '%'yas'%)' at line 1: SELECT * FROM `bookinfos` WHERE (title LIKE %'yas'%) [0m


ActiveRecord::StatementInvalid (Mysql::Error: You have an error in your SQL syntax; check the manual that corresponds to your MySQL server version for the right syntax to use near '%'yas'%)' at line 1: SELECT * FROM `bookinfos`   WHERE (title LIKE %'yas'%) ):
    C:/yashal/instantrails-master/instantrails-master/InstantRails-win/InstantRails/ruby/lib/ruby/gems/1.8/gems/activerecord-2.0.2/lib/active_record/connection_adapters/abstract_adapter.rb:150:in `log'
    C:/yashal/instantrails-master/instantrails-master/InstantRails-win/InstantRails/ruby/lib/ruby/gems/1.8/gems/activerecord-2.0.2/lib/active_record/connection_adapters/mysql_adapter.rb:281:in `execute'
    C:/yashal/instantrails-master/instantrails-master/InstantRails-win/InstantRails/ruby/lib/ruby/gems/1.8/gems/activerecord-2.0.2/lib/active_record/connection_adapters/mysql_adapter.rb:481:in `select'
    C:/yashal/instantrails-master/instantrails-master/InstantRails-win/InstantRails/ruby/lib/ruby/gems/1.8/gems/activerecord-2.0.2/lib/active_record/connection_adapters/abstract/database_statements.rb:7:in `select_all_without_query_cache'
    C:/yashal/instantrails-master/instantrails-master/InstantRails-win/InstantRails/ruby/lib/ruby/gems/1.8/gems/activerecord-2.0.2/lib/active_record/connection_adapters/abstract/query_cache.rb:53:in `select_all'
    C:/yashal/instantrails-master/instantrails-master/InstantRails-win/InstantRails/ruby/lib/ruby/gems/1.8/gems/activerecord-2.0.2/lib/active_record/connection_adapters/abstract/query_cache.rb:74:in `cache_sql'
    C:/yashal/instantrails-master/instantrails-master/InstantRails-win/InstantRails/ruby/lib/ruby/gems/1.8/gems/activerecord-2.0.2/lib/active_record/connection_adapters/abstract/query_cache.rb:53:in `select_all'
    C:/yashal/instantrails-master/instantrails-master/InstantRails-win/InstantRails/ruby/lib/ruby/gems/1.8/gems/activerecord-2.0.2/lib/active_record/base.rb:532:in `find_by_sql'
    C:/yashal/instantrails-master/instantrails-master/InstantRails-win/InstantRails/ruby/lib/ruby/gems/1.8/gems/activerecord-2.0.2/lib/active_record/base.rb:1233:in `find_every'
    C:/yashal/instantrails-master/instantrails-master/InstantRails-win/InstantRails/ruby/lib/ruby/gems/1.8/gems/activerecord-2.0.2/lib/active_record/base.rb:503:in `find'
    /app/controllers/main_controller.rb:7:in `search'
    C:/yashal/instantrails-master/instantrails-master/InstantRails-win/InstantRails/ruby/lib/ruby/gems/1.8/gems/actionpack-2.0.2/lib/action_controller/base.rb:1158:in `send'
    C:/yashal/instantrails-master/instantrails-master/InstantRails-win/InstantRails/ruby/lib/ruby/gems/1.8/gems/actionpack-2.0.2/lib/action_controller/base.rb:1158:in `perform_action_without_filters'
    C:/yashal/instantrails-master/instantrails-master/InstantRails-win/InstantRails/ruby/lib/ruby/gems/1.8/gems/actionpack-2.0.2/lib/action_controller/filters.rb:697:in `call_filters'
    C:/yashal/instantrails-master/instantrails-master/InstantRails-win/InstantRails/ruby/lib/ruby/gems/1.8/gems/actionpack-2.0.2/lib/action_controller/filters.rb:689:in `perform_action_without_benchmark'
    C:/yashal/instantrails-master/instantrails-master/InstantRails-win/InstantRails/ruby/lib/ruby/gems/1.8/gems/actionpack-2.0.2/lib/action_controller/benchmarking.rb:68:in `perform_action_without_rescue'
    C:/yashal/instantrails-master/instantrails-master/InstantRails-win/InstantRails/ruby/lib/ruby/1.8/benchmark.rb:293:in `measure'
    C:/yashal/instantrails-master/instantrails-master/InstantRails-win/InstantRails/ruby/lib/ruby/gems/1.8/gems/actionpack-2.0.2/lib/action_controller/benchmarking.rb:68:in `perform_action_without_rescue'
    C:/yashal/instantrails-master/instantrails-master/InstantRails-win/InstantRails/ruby/lib/ruby/gems/1.8/gems/actionpack-2.0.2/lib/action_controller/rescue.rb:199:in `perform_action_without_caching'
    C:/yashal/instantrails-master/instantrails-master/InstantRails-win/InstantRails/ruby/lib/ruby/gems/1.8/gems/actionpack-2.0.2/lib/action_controller/caching.rb:678:in `perform_action'
    C:/yashal/instantrails-master/instantrails-master/InstantRails-win/InstantRails/ruby/lib/ruby/gems/1.8/gems/activerecord-2.0.2/lib/active_record/connection_adapters/abstract/query_cache.rb:33:in `cache'
    C:/yashal/instantrails-master/instantrails-master/InstantRails-win/InstantRails/ruby/lib/ruby/gems/1.8/gems/activerecord-2.0.2/lib/active_record/query_cache.rb:8:in `cache'
    C:/yashal/instantrails-master/instantrails-master/InstantRails-win/InstantRails/ruby/lib/ruby/gems/1.8/gems/actionpack-2.0.2/lib/action_controller/caching.rb:677:in `perform_action'
    C:/yashal/instantrails-master/instantrails-master/InstantRails-win/InstantRails/ruby/lib/ruby/gems/1.8/gems/actionpack-2.0.2/lib/action_controller/base.rb:524:in `send'
    C:/yashal/instantrails-master/instantrails-master/InstantRails-win/InstantRails/ruby/lib/ruby/gems/1.8/gems/actionpack-2.0.2/lib/action_controller/base.rb:524:in `process_without_filters'
    C:/yashal/instantrails-master/instantrails-master/InstantRails-win/InstantRails/ruby/lib/ruby/gems/1.8/gems/actionpack-2.0.2/lib/action_controller/filters.rb:685:in `process_without_session_management_support'
    C:/yashal/instantrails-master/instantrails-master/InstantRails-win/InstantRails/ruby/lib/ruby/gems/1.8/gems/actionpack-2.0.2/lib/action_controller/session_management.rb:123:in `process'
    C:/yashal/instantrails-master/instantrails-master/InstantRails-win/InstantRails/ruby/lib/ruby/gems/1.8/gems/actionpack-2.0.2/lib/action_controller/base.rb:388:in `process'
    C:/yashal/instantrails-master/instantrails-master/InstantRails-win/InstantRails/ruby/lib/ruby/gems/1.8/gems/actionpack-2.0.2/lib/action_controller/dispatcher.rb:171:in `handle_request'
    C:/yashal/instantrails-master/instantrails-master/InstantRails-win/InstantRails/ruby/lib/ruby/gems/1.8/gems/actionpack-2.0.2/lib/action_controller/dispatcher.rb:115:in `dispatch'
    C:/yashal/instantrails-master/instantrails-master/InstantRails-win/InstantRails/ruby/lib/ruby/gems/1.8/gems/actionpack-2.0.2/lib/action_controller/dispatcher.rb:126:in `dispatch_cgi'
    C:/yashal/instantrails-master/instantrails-master/InstantRails-win/InstantRails/ruby/lib/ruby/gems/1.8/gems/actionpack-2.0.2/lib/action_controller/dispatcher.rb:9:in `dispatch'
    C:/yashal/instantrails-master/instantrails-master/InstantRails-win/InstantRails/ruby/lib/ruby/gems/1.8/gems/mongrel-1.1.2-x86-mswin32/bin/../lib/mongrel/rails.rb:76:in `process'
    C:/yashal/instantrails-master/instantrails-master/InstantRails-win/InstantRails/ruby/lib/ruby/gems/1.8/gems/mongrel-1.1.2-x86-mswin32/bin/../lib/mongrel/rails.rb:74:in `synchronize'
    C:/yashal/instantrails-master/instantrails-master/InstantRails-win/InstantRails/ruby/lib/ruby/gems/1.8/gems/mongrel-1.1.2-x86-mswin32/bin/../lib/mongrel/rails.rb:74:in `process'
    C:/yashal/instantrails-master/instantrails-master/InstantRails-win/InstantRails/ruby/lib/ruby/gems/1.8/gems/mongrel-1.1.2-x86-mswin32/lib/mongrel.rb:159:in `process_client'
    C:/yashal/instantrails-master/instantrails-master/InstantRails-win/InstantRails/ruby/lib/ruby/gems/1.8/gems/mongrel-1.1.2-x86-mswin32/lib/mongrel.rb:158:in `each'
    C:/yashal/instantrails-master/instantrails-master/InstantRails-win/InstantRails/ruby/lib/ruby/gems/1.8/gems/mongrel-1.1.2-x86-mswin32/lib/mongrel.rb:158:in `process_client'
    C:/yashal/instantrails-master/instantrails-master/InstantRails-win/InstantRails/ruby/lib/ruby/gems/1.8/gems/mongrel-1.1.2-x86-mswin32/lib/mongrel.rb:285:in `run'
    C:/yashal/instantrails-master/instantrails-master/InstantRails-win/InstantRails/ruby/lib/ruby/gems/1.8/gems/mongrel-1.1.2-x86-mswin32/lib/mongrel.rb:285:in `initialize'
    C:/yashal/instantrails-master/instantrails-master/InstantRails-win/InstantRails/ruby/lib/ruby/gems/1.8/gems/mongrel-1.1.2-x86-mswin32/lib/mongrel.rb:285:in `new'
    C:/yashal/instantrails-master/instantrails-master/InstantRails-win/InstantRails/ruby/lib/ruby/gems/1.8/gems/mongrel-1.1.2-x86-mswin32/lib/mongrel.rb:285:in `run'
    C:/yashal/instantrails-master/instantrails-master/InstantRails-win/InstantRails/ruby/lib/ruby/gems/1.8/gems/mongrel-1.1.2-x86-mswin32/lib/mongrel.rb:268:in `initialize'
    C:/yashal/instantrails-master/instantrails-master/InstantRails-win/InstantRails/ruby/lib/ruby/gems/1.8/gems/mongrel-1.1.2-x86-mswin32/lib/mongrel.rb:268:in `new'
    C:/yashal/instantrails-master/instantrails-master/InstantRails-win/InstantRails/ruby/lib/ruby/gems/1.8/gems/mongrel-1.1.2-x86-mswin32/lib/mongrel.rb:268:in `run'
    C:/yashal/instantrails-master/instantrails-master/InstantRails-win/InstantRails/ruby/lib/ruby/gems/1.8/gems/mongrel-1.1.2-x86-mswin32/lib/mongrel/configurator.rb:282:in `run'
    C:/yashal/instantrails-master/instantrails-master/InstantRails-win/InstantRails/ruby/lib/ruby/gems/1.8/gems/mongrel-1.1.2-x86-mswin32/lib/mongrel/configurator.rb:281:in `each'
    C:/yashal/instantrails-master/instantrails-master/InstantRails-win/InstantRails/ruby/lib/ruby/gems/1.8/gems/mongrel-1.1.2-x86-mswin32/lib/mongrel/configurator.rb:281:in `run'
    C:/yashal/instantrails-master/instantrails-master/InstantRails-win/InstantRails/ruby/lib/ruby/gems/1.8/gems/mongrel-1.1.2-x86-mswin32/bin/mongrel_rails:128:in `run'
    C:/yashal/instantrails-master/instantrails-master/InstantRails-win/InstantRails/ruby/lib/ruby/gems/1.8/gems/mongrel-1.1.2-x86-mswin32/lib/mongrel/command.rb:212:in `run'
    C:/yashal/instantrails-master/instantrails-master/InstantRails-win/InstantRails/ruby/lib/ruby/gems/1.8/gems/mongrel-1.1.2-x86-mswin32/bin/mongrel_rails:281
    C:/yashal/instantrails-master/instantrails-master/InstantRails-win/InstantRails/ruby/lib/ruby/gems/1.8/gems/activesupport-2.0.2/lib/active_support/dependencies.rb:489:in `load'
    C:/yashal/instantrails-master/instantrails-master/InstantRails-win/InstantRails/ruby/lib/ruby/gems/1.8/gems/activesupport-2.0.2/lib/active_support/dependencies.rb:489:in `load'
    C:/yashal/instantrails-master/instantrails-master/InstantRails-win/InstantRails/ruby/lib/ruby/gems/1.8/gems/activesupport-2.0.2/lib/active_support/dependencies.rb:342:in `new_constants_in'
    C:/yashal/instantrails-master/instantrails-master/InstantRails-win/InstantRails/ruby/lib/ruby/gems/1.8/gems/activesupport-2.0.2/lib/active_support/dependencies.rb:489:in `load'
    C:/yashal/instantrails-master/instantrails-master/InstantRails-win/InstantRails/ruby/lib/ruby/gems/1.8/gems/rails-2.0.2/lib/commands/servers/mongrel.rb:64
    C:/yashal/instantrails-master/instantrails-master/InstantRails-win/InstantRails/ruby/lib/ruby/site_ruby/1.8/rubygems/custom_require.rb:27:in `gem_original_require'
    C:/yashal/instantrails-master/instantrails-master/InstantRails-win/InstantRails/ruby/lib/ruby/site_ruby/1.8/rubygems/custom_require.rb:27:in `require'
    C:/yashal/instantrails-master/instantrails-master/InstantRails-win/InstantRails/ruby/lib/ruby/gems/1.8/gems/activesupport-2.0.2/lib/active_support/dependencies.rb:496:in `require'
    C:/yashal/instantrails-master/instantrails-master/InstantRails-win/InstantRails/ruby/lib/ruby/gems/1.8/gems/activesupport-2.0.2/lib/active_support/dependencies.rb:342:in `new_constants_in'
    C:/yashal/instantrails-master/instantrails-master/InstantRails-win/InstantRails/ruby/lib/ruby/gems/1.8/gems/activesupport-2.0.2/lib/active_support/dependencies.rb:496:in `require'
    C:/yashal/instantrails-master/instantrails-master/InstantRails-win/InstantRails/ruby/lib/ruby/gems/1.8/gems/rails-2.0.2/lib/commands/server.rb:39
    C:/yashal/instantrails-master/instantrails-master/InstantRails-win/InstantRails/ruby/lib/ruby/site_ruby/1.8/rubygems/custom_require.rb:27:in `gem_original_require'
    C:/yashal/instantrails-master/instantrails-master/InstantRails-win/InstantRails/ruby/lib/ruby/site_ruby/1.8/rubygems/custom_require.rb:27:in `require'
    script/server:3

Rendering C:/yashal/instantrails-master/instantrails-master/InstantRails-win/InstantRails/ruby/lib/ruby/gems/1.8/gems/actionpack-2.0.2/lib/action_controller/templates/rescues/layout.erb (internal_server_error)


Processing MainController#search (for 127.0.0.1 at 2016-12-05 14:59:32) [GET]
  Session ID: BAh7BzoMY3NyZl9pZCIlN2UwMmM3NTdhNDcyZjc5OWQ1YjU1Njc3YWYwN2Ey%0ANmEiCmZsYXNoSUM6J0FjdGlvbkNvbnRyb2xsZXI6OkZsYXNoOjpGbGFzaEhh%0Ac2h7AAY6CkB1c2VkewA%3D--245b054733051127f231186b6fc2badf1c3592c8
  Parameters: {"title"=>"yas", "action"=>"search", "controller"=>"main"}
  [4;36;1mBookinfo Load (0.026000)[0m   [0;1mSELECT * FROM `bookinfos` WHERE (title LIKE 'yas') [0m
Rendering main/search
Completed in 0.03700 (27 reqs/sec) | Rendering: 0.00200 (5%) | DB: 0.02600 (70%) | 200 OK [http://localhost/main/search?title=yas]


Processing MainController#search (for 127.0.0.1 at 2016-12-05 14:59:36) [GET]
  Session ID: BAh7BzoMY3NyZl9pZCIlN2UwMmM3NTdhNDcyZjc5OWQ1YjU1Njc3YWYwN2Ey%0ANmEiCmZsYXNoSUM6J0FjdGlvbkNvbnRyb2xsZXI6OkZsYXNoOjpGbGFzaEhh%0Ac2h7AAY6CkB1c2VkewA%3D--245b054733051127f231186b6fc2badf1c3592c8
  Parameters: {"title"=>"yashal", "action"=>"search", "controller"=>"main"}
  [4;35;1mBookinfo Load (0.000000)[0m   [0mSELECT * FROM `bookinfos` WHERE (title LIKE 'yashal') [0m
Rendering main/search
  [4;36;1mBookinfo Columns (0.009000)[0m   [0;1mSHOW FIELDS FROM `bookinfos`[0m
Completed in 0.02300 (43 reqs/sec) | Rendering: 0.00400 (17%) | DB: 0.00900 (39%) | 200 OK [http://localhost/main/search?title=yashal]


Processing MainController#search (for 127.0.0.1 at 2016-12-05 14:59:52) [GET]
  Session ID: BAh7BzoMY3NyZl9pZCIlN2UwMmM3NTdhNDcyZjc5OWQ1YjU1Njc3YWYwN2Ey%0ANmEiCmZsYXNoSUM6J0FjdGlvbkNvbnRyb2xsZXI6OkZsYXNoOjpGbGFzaEhh%0Ac2h7AAY6CkB1c2VkewA%3D--245b054733051127f231186b6fc2badf1c3592c8
  Parameters: {"title"=>"yashal", "action"=>"search", "controller"=>"main"}
  [4;35;1mBookinfo Load (0.001000)[0m   [0mSELECT * FROM `bookinfos` WHERE (title LIKE '%yashal%') [0m
Rendering main/search
  [4;36;1mBookinfo Columns (0.005000)[0m   [0;1mSHOW FIELDS FROM `bookinfos`[0m
Completed in 0.02000 (50 reqs/sec) | Rendering: 0.00400 (20%) | DB: 0.00600 (29%) | 200 OK [http://localhost/main/search?title=yashal]


Processing MainController#search (for 127.0.0.1 at 2016-12-05 14:59:56) [GET]
  Session ID: BAh7BzoMY3NyZl9pZCIlN2UwMmM3NTdhNDcyZjc5OWQ1YjU1Njc3YWYwN2Ey%0ANmEiCmZsYXNoSUM6J0FjdGlvbkNvbnRyb2xsZXI6OkZsYXNoOjpGbGFzaEhh%0Ac2h7AAY6CkB1c2VkewA%3D--245b054733051127f231186b6fc2badf1c3592c8
  Parameters: {"title"=>"ya", "action"=>"search", "controller"=>"main"}
  [4;35;1mBookinfo Load (0.000000)[0m   [0mSELECT * FROM `bookinfos` WHERE (title LIKE '%ya%') [0m
Rendering main/search
  [4;36;1mBookinfo Columns (0.036000)[0m   [0;1mSHOW FIELDS FROM `bookinfos`[0m
Completed in 0.05000 (20 reqs/sec) | Rendering: 0.00400 (7%) | DB: 0.03600 (72%) | 200 OK [http://localhost/main/search?title=ya]
